2025-07-25 12:17:07,226 - db_helper - INFO - fetch_expense_summary called with start: 2024-08-01 end: 2024-08-05
2025-07-25 12:18:19,513 - db_helper - INFO - fetch_expense_summary called with start: 2024-07-01 end: 2024-08-30
2025-07-25 12:29:10,151 - db_helper - INFO - fetch_expenses_for_date called with 2024-08-28
2025-07-25 12:29:16,991 - db_helper - INFO - fetch_expenses_for_date called with 2024-08-28
2025-07-25 12:29:49,851 - db_helper - INFO - delete_expenses_for_date called with 2024-08-28
2025-07-25 12:29:49,888 - db_helper - INFO - insert_expenses called with date: 2024-08-28, amount: 2000.0, category: Shopping, notes: Bought Headphones
2025-07-25 12:29:49,912 - db_helper - INFO - insert_expenses called with date: 2024-08-28, amount: 500.0, category: Food, notes: Ate samosa chaat
2025-07-25 12:30:06,045 - db_helper - INFO - fetch_expenses_for_date called with 2024-08-28
2025-07-25 15:06:51,347 - db_helper - INFO - fetch_expenses_for_date called with 2024-08-01
2025-07-25 15:06:57,005 - db_helper - INFO - fetch_expenses_for_date called with 2024-08-02
2025-07-25 15:07:17,649 - db_helper - INFO - fetch_expenses_for_date called with 2024-08-02
2025-07-25 15:07:31,837 - db_helper - INFO - fetch_expenses_for_date called with 2024-08-01
2025-07-25 15:07:42,630 - db_helper - INFO - fetch_expenses_for_date called with 2024-08-02
2025-07-25 15:15:34,118 - db_helper - INFO - fetch_expenses_for_date called with 2024-08-02
2025-07-25 15:16:19,300 - db_helper - INFO - fetch_expenses_for_date called with 2024-08-02
2025-07-25 15:17:30,936 - db_helper - INFO - fetch_expenses_for_date called with 2024-08-02
2025-07-25 15:18:26,173 - db_helper - INFO - fetch_expenses_for_date called with 2024-08-02
2025-07-25 15:18:50,732 - db_helper - INFO - fetch_expenses_for_date called with 2024-08-02
2025-07-25 15:19:21,877 - db_helper - INFO - fetch_expenses_for_date called with 2024-08-02
2025-07-25 15:20:09,489 - db_helper - INFO - fetch_expenses_for_date called with 2024-08-02
2025-07-25 15:21:12,998 - db_helper - INFO - fetch_expenses_for_date called with 2024-08-02
2025-07-25 15:21:25,411 - db_helper - INFO - fetch_expenses_for_date called with 2024-08-01
2025-07-25 15:21:31,441 - db_helper - INFO - fetch_expenses_for_date called with 2024-08-03
2025-07-25 15:21:42,985 - db_helper - INFO - fetch_expenses_for_date called with 2024-08-03
2025-07-25 15:23:39,975 - db_helper - INFO - fetch_expenses_for_date called with 2024-08-03
2025-07-25 16:54:46,537 - db_helper - INFO - fetch_expenses_for_date called with 2024-08-02
2025-07-25 16:59:01,473 - db_helper - INFO - fetch_expenses_for_date called with 2024-08-02
2025-07-25 16:59:42,445 - db_helper - INFO - fetch_expenses_for_date called with 2024-08-02
2025-07-25 17:01:01,626 - db_helper - INFO - fetch_expenses_for_date called with 2024-08-02
2025-07-25 17:02:07,251 - db_helper - INFO - fetch_expenses_for_date called with 2024-08-01
2025-07-25 17:04:10,518 - db_helper - INFO - fetch_expenses_for_date called with 2024-08-01
2025-07-25 17:04:45,908 - db_helper - INFO - fetch_expenses_for_date called with 2024-08-01
2025-07-25 17:04:53,833 - db_helper - INFO - fetch_expenses_for_date called with 2024-08-02
2025-07-25 17:13:02,211 - db_helper - INFO - fetch_expenses_for_date called with 2024-08-01
2025-07-25 17:13:06,674 - db_helper - INFO - fetch_expenses_for_date called with 2024-08-08
2025-07-25 17:13:22,314 - db_helper - INFO - fetch_expenses_for_date called with 2024-08-08
2025-07-25 17:13:24,377 - db_helper - INFO - delete_expenses_for_date called with 2024-08-08
2025-07-25 17:13:24,405 - db_helper - INFO - insert_expenses called with date: 2024-08-08, amount: 150.0, category: Food, notes: Pizza
2025-07-25 17:13:32,477 - db_helper - INFO - fetch_expenses_for_date called with 2024-08-07
2025-07-25 17:13:39,305 - db_helper - INFO - fetch_expenses_for_date called with 2024-08-08
2025-07-25 17:13:44,442 - db_helper - INFO - fetch_expenses_for_date called with 2024-08-01
2025-07-25 17:13:50,007 - db_helper - INFO - fetch_expenses_for_date called with 2024-08-08
2025-07-25 17:17:35,392 - db_helper - INFO - fetch_expenses_for_date called with 2024-08-10
2025-07-25 17:18:21,329 - db_helper - INFO - fetch_expenses_for_date called with 2024-08-10
2025-07-25 17:18:23,424 - db_helper - INFO - delete_expenses_for_date called with 2024-08-10
2025-07-25 17:18:23,437 - db_helper - INFO - insert_expenses called with date: 2024-08-10, amount: 100.0, category: Rent, notes: rent paid
2025-07-25 17:18:23,472 - db_helper - INFO - insert_expenses called with date: 2024-08-10, amount: 200.0, category: Shopping, notes: bought suit
2025-07-25 17:18:23,489 - db_helper - INFO - insert_expenses called with date: 2024-08-10, amount: 120.0, category: Food, notes: ate samosa
2025-07-25 17:18:30,952 - db_helper - INFO - fetch_expenses_for_date called with 2024-08-11
2025-07-25 17:21:15,207 - db_helper - INFO - fetch_expenses_for_date called with 2024-08-01
2025-07-25 17:21:23,395 - db_helper - INFO - fetch_expenses_for_date called with 2024-08-12
2025-07-25 17:21:52,242 - db_helper - INFO - fetch_expenses_for_date called with 2024-08-12
2025-07-25 17:21:54,330 - db_helper - INFO - delete_expenses_for_date called with 2024-08-12
2025-07-25 17:21:54,346 - db_helper - INFO - insert_expenses called with date: 2024-08-12, amount: 100.0, category: Shopping, notes: bought dress
2025-07-25 17:21:54,369 - db_helper - INFO - insert_expenses called with date: 2024-08-12, amount: 200.0, category: Entertainment, notes: watched movie
2025-07-25 17:21:58,200 - db_helper - INFO - fetch_expenses_for_date called with 2024-08-13
2025-07-25 17:24:06,869 - db_helper - INFO - fetch_expenses_for_date called with 2024-08-13
2025-07-25 17:24:11,903 - db_helper - INFO - fetch_expenses_for_date called with 2024-08-12
2025-07-25 17:24:16,999 - db_helper - INFO - fetch_expenses_for_date called with 2024-08-11
2025-07-25 17:24:21,028 - db_helper - INFO - fetch_expenses_for_date called with 2024-08-01
2025-07-25 17:29:59,821 - db_helper - INFO - fetch_expenses_for_date called with 2024-08-01
2025-07-25 17:30:04,223 - db_helper - INFO - fetch_expenses_for_date called with 2024-08-01
2025-07-25 17:30:50,134 - db_helper - INFO - fetch_expenses_for_date called with 2024-08-01
2025-07-25 17:33:38,737 - db_helper - INFO - fetch_expenses_for_date called with 2024-08-01
2025-07-25 17:34:05,947 - db_helper - INFO - fetch_expenses_for_date called with 2024-08-01
2025-07-25 17:42:55,721 - db_helper - INFO - fetch_expenses_for_date called with 2024-08-01
2025-07-25 17:43:05,223 - db_helper - INFO - fetch_expenses_for_date called with 2024-08-01
2025-07-25 17:43:11,484 - db_helper - INFO - fetch_expenses_for_date called with 2024-08-02
2025-07-25 17:43:17,343 - db_helper - INFO - fetch_expenses_for_date called with 2024-08-02
2025-07-25 17:43:46,708 - db_helper - INFO - fetch_expenses_for_date called with 2024-08-02
2025-07-25 17:43:48,799 - db_helper - INFO - delete_expenses_for_date called with 2024-08-02
2025-07-25 17:43:48,825 - db_helper - INFO - insert_expenses called with date: 2024-08-02, amount: 50.0, category: Entertainment, notes: Movie tickets
2025-07-25 17:43:48,839 - db_helper - INFO - insert_expenses called with date: 2024-08-02, amount: 150.0, category: Shopping, notes: New shoes
2025-07-25 17:43:48,864 - db_helper - INFO - insert_expenses called with date: 2024-08-02, amount: 400.0, category: Food, notes: Groceries for the week
2025-07-25 17:43:48,881 - db_helper - INFO - insert_expenses called with date: 2024-08-02, amount: 80.0, category: Entertainment, notes: Concert tickets
2025-07-25 17:43:48,896 - db_helper - INFO - insert_expenses called with date: 2024-08-02, amount: 100.0, category: Shopping, notes: Clothes
2025-07-25 17:43:48,913 - db_helper - INFO - insert_expenses called with date: 2024-08-02, amount: 50.0, category: Other, notes: Gasoline
2025-07-25 17:43:48,934 - db_helper - INFO - insert_expenses called with date: 2024-08-02, amount: 1000.0, category: Other, notes: Car Maintenance
2025-07-25 17:43:51,766 - db_helper - INFO - fetch_expenses_for_date called with 2024-08-01
2025-07-25 17:43:57,094 - db_helper - INFO - fetch_expenses_for_date called with 2024-08-02
2025-07-25 17:47:24,462 - db_helper - INFO - fetch_expenses_for_date called with 2024-08-01
2025-07-25 17:47:30,734 - db_helper - INFO - fetch_expenses_for_date called with 2024-08-02
2025-07-25 17:47:36,857 - db_helper - INFO - fetch_expenses_for_date called with 2024-08-03
2025-07-25 17:47:42,881 - db_helper - INFO - fetch_expenses_for_date called with 2024-08-04
2025-07-25 17:47:47,449 - db_helper - INFO - fetch_expenses_for_date called with 2024-08-30
2025-07-25 17:47:53,603 - db_helper - INFO - fetch_expenses_for_date called with 2024-08-30
2025-07-25 17:47:56,595 - db_helper - INFO - fetch_expenses_for_date called with 2024-08-30
2025-07-25 17:48:00,491 - db_helper - INFO - fetch_expenses_for_date called with 2024-08-30
2025-07-25 17:48:02,559 - db_helper - INFO - delete_expenses_for_date called with 2024-08-30
2025-07-25 17:48:07,256 - db_helper - INFO - fetch_expenses_for_date called with 2024-08-29
2025-07-25 17:48:11,169 - db_helper - INFO - fetch_expenses_for_date called with 2024-08-30
2025-07-25 17:50:09,981 - db_helper - INFO - fetch_expenses_for_date called with 2024-08-30
2025-07-25 17:50:23,106 - db_helper - INFO - fetch_expenses_for_date called with 2024-08-30
2025-07-25 17:51:01,649 - db_helper - INFO - fetch_expenses_for_date called with 2024-08-30
2025-07-25 17:51:06,309 - db_helper - INFO - fetch_expenses_for_date called with 2024-08-30
2025-07-25 17:51:09,775 - db_helper - INFO - fetch_expenses_for_date called with 2024-08-30
2025-07-25 17:51:12,946 - db_helper - INFO - fetch_expenses_for_date called with 2024-08-30
2025-07-25 17:51:15,032 - db_helper - INFO - delete_expenses_for_date called with 2024-08-30
2025-07-25 17:51:19,637 - db_helper - INFO - fetch_expenses_for_date called with 2024-08-29
2025-07-25 17:51:23,471 - db_helper - INFO - fetch_expenses_for_date called with 2024-08-30
2025-07-25 17:54:53,809 - db_helper - INFO - fetch_expenses_for_date called with 2024-08-01
2025-07-25 17:55:00,722 - db_helper - INFO - fetch_expenses_for_date called with 2024-08-22
2025-07-25 17:55:05,944 - db_helper - INFO - fetch_expenses_for_date called with 2024-08-22
2025-07-25 17:55:09,061 - db_helper - INFO - fetch_expenses_for_date called with 2024-08-22
2025-07-25 17:55:11,151 - db_helper - INFO - delete_expenses_for_date called with 2024-08-22
2025-07-25 17:55:13,609 - db_helper - INFO - fetch_expenses_for_date called with 2024-08-21
2025-07-25 17:55:17,400 - db_helper - INFO - fetch_expenses_for_date called with 2024-08-22
2025-07-25 17:57:52,788 - db_helper - INFO - fetch_expenses_for_date called with 2024-08-22
2025-07-25 17:57:57,615 - db_helper - INFO - fetch_expenses_for_date called with 2024-08-01
2025-07-25 17:58:02,001 - db_helper - INFO - fetch_expenses_for_date called with 2024-08-23
2025-07-25 17:58:05,021 - db_helper - INFO - fetch_expenses_for_date called with 2024-08-23
2025-07-25 17:58:08,115 - db_helper - INFO - fetch_expenses_for_date called with 2024-08-23
2025-07-25 17:58:10,191 - db_helper - INFO - delete_expenses_for_date called with 2024-08-23
2025-07-25 17:58:14,675 - db_helper - INFO - fetch_expenses_for_date called with 2024-08-24
2025-07-25 17:58:18,208 - db_helper - INFO - fetch_expenses_for_date called with 2024-08-23
2025-07-25 17:58:41,785 - db_helper - INFO - fetch_expenses_for_date called with 2024-08-23
2025-07-25 17:58:43,870 - db_helper - INFO - delete_expenses_for_date called with 2024-08-23
2025-07-25 17:58:54,627 - db_helper - INFO - fetch_expenses_for_date called with 2024-08-23
2025-07-25 17:59:04,549 - db_helper - INFO - fetch_expenses_for_date called with 2024-08-24
2025-07-25 17:59:09,333 - db_helper - INFO - fetch_expenses_for_date called with 2024-08-24
2025-07-25 17:59:12,478 - db_helper - INFO - fetch_expenses_for_date called with 2024-08-24
2025-07-25 17:59:14,565 - db_helper - INFO - delete_expenses_for_date called with 2024-08-24
2025-07-25 17:59:18,752 - db_helper - INFO - fetch_expenses_for_date called with 2024-08-25
2025-07-25 17:59:22,501 - db_helper - INFO - fetch_expenses_for_date called with 2024-08-24
2025-07-25 18:01:57,445 - db_helper - INFO - fetch_expenses_for_date called with 2024-08-24
2025-07-25 18:02:02,884 - db_helper - INFO - fetch_expenses_for_date called with 2024-08-01
2025-07-25 18:02:06,277 - db_helper - INFO - fetch_expenses_for_date called with 2024-08-01
2025-07-25 18:02:10,404 - db_helper - INFO - fetch_expenses_for_date called with 2024-08-01
2025-07-25 18:02:12,491 - db_helper - INFO - delete_expenses_for_date called with 2024-08-01
2025-07-25 18:02:12,509 - db_helper - INFO - insert_expenses called with date: 2024-08-01, amount: 1227.0, category: Rent, notes: Monthly rent payment
2025-07-25 18:02:12,524 - db_helper - INFO - insert_expenses called with date: 2024-08-01, amount: 300.0, category: Food, notes: Groceries for the week
2025-07-25 18:02:12,538 - db_helper - INFO - insert_expenses called with date: 2024-08-01, amount: 1200.0, category: Rent, notes: Monthly rent payment
2025-07-25 18:02:12,552 - db_helper - INFO - insert_expenses called with date: 2024-08-01, amount: 300.0, category: Food, notes: Groceries for the week
2025-07-25 18:02:17,776 - db_helper - INFO - fetch_expenses_for_date called with 2024-08-02
2025-07-25 18:02:22,508 - db_helper - INFO - fetch_expenses_for_date called with 2024-08-01
2025-07-25 18:08:34,690 - db_helper - INFO - fetch_expenses_for_date called with 2024-08-01
2025-07-25 18:09:51,504 - db_helper - INFO - fetch_expenses_for_date called with 2024-08-01
2025-07-25 18:09:58,457 - db_helper - INFO - fetch_expenses_for_date called with 2024-08-01
2025-07-25 18:10:19,747 - db_helper - INFO - fetch_expenses_for_date called with 2024-08-01
2025-07-25 18:10:21,840 - db_helper - INFO - delete_expenses_for_date called with 2024-08-01
2025-07-25 18:10:21,859 - db_helper - INFO - insert_expenses called with date: 2024-08-01, amount: 1227.0, category: Rent, notes: Monthly rent payment
2025-07-25 18:10:21,873 - db_helper - INFO - insert_expenses called with date: 2024-08-01, amount: 300.0, category: Food, notes: Groceries for the week
2025-07-25 18:10:21,887 - db_helper - INFO - insert_expenses called with date: 2024-08-01, amount: 1200.0, category: Rent, notes: Monthly rent payment
2025-07-25 18:10:21,902 - db_helper - INFO - insert_expenses called with date: 2024-08-01, amount: 300.0, category: Food, notes: Groceries for the week
2025-07-25 18:10:21,918 - db_helper - INFO - insert_expenses called with date: 2024-08-01, amount: 2500.0, category: Rent, notes: increased rent paid
2025-07-25 18:10:24,967 - db_helper - INFO - fetch_expenses_for_date called with 2024-08-02
2025-07-25 18:10:30,232 - db_helper - INFO - fetch_expenses_for_date called with 2024-08-03
2025-07-25 18:10:34,758 - db_helper - INFO - fetch_expenses_for_date called with 2024-08-01
2025-07-25 18:10:43,665 - db_helper - INFO - fetch_expenses_for_date called with 2024-08-31
2025-07-25 18:10:48,036 - db_helper - INFO - fetch_expenses_for_date called with 2024-08-24
2025-07-25 18:10:51,705 - db_helper - INFO - fetch_expenses_for_date called with 2024-08-25
2025-07-25 18:14:37,553 - db_helper - INFO - fetch_expenses_for_date called with 2024-08-01
2025-07-25 18:14:50,642 - db_helper - INFO - fetch_expenses_for_date called with 2024-08-01
2025-07-25 18:14:56,403 - db_helper - INFO - fetch_expenses_for_date called with 2024-08-02
2025-07-25 18:15:00,859 - db_helper - INFO - fetch_expenses_for_date called with 2024-08-31
2025-07-25 18:15:06,229 - db_helper - INFO - fetch_expenses_for_date called with 2024-08-25
2025-07-25 18:15:10,555 - db_helper - INFO - fetch_expenses_for_date called with 2024-08-11
2025-07-25 18:18:53,635 - db_helper - INFO - fetch_expenses_for_date called with 2024-08-01
2025-07-25 18:19:19,566 - db_helper - INFO - fetch_expenses_for_date called with 2024-08-01
2025-07-25 18:19:24,828 - db_helper - INFO - fetch_expenses_for_date called with 2024-08-15
2025-07-25 18:19:31,022 - db_helper - INFO - fetch_expenses_for_date called with 2024-08-31
2025-07-25 18:19:49,064 - db_helper - INFO - fetch_expenses_for_date called with 2024-08-31
2025-07-25 18:19:51,157 - db_helper - INFO - delete_expenses_for_date called with 2024-08-31
2025-07-25 18:19:51,168 - db_helper - INFO - insert_expenses called with date: 2024-08-31, amount: 2000.0, category: Shopping, notes: buying clothes
2025-07-25 18:19:58,635 - db_helper - INFO - fetch_expenses_for_date called with 2024-08-31
2025-07-26 11:46:54,611 - db_helper - INFO - fetch_expenses_for_date called with 2024-08-31
2025-07-26 12:02:02,386 - db_helper - INFO - fetch_expenses_for_date called with 2024-08-28
2025-07-26 12:02:10,938 - db_helper - INFO - fetch_expenses_for_date called with 2024-08-01
2025-07-26 12:05:35,845 - db_helper - INFO - fetch_expense_summary called with start: 2024-08-01 end: 2024-08-30
2025-07-26 12:05:46,636 - db_helper - INFO - fetch_expense_summary called with start: 2024-08-01 end: 2024-08-30
2025-07-26 12:06:16,191 - db_helper - INFO - fetch_expenses_for_date called with 2024-08-01
2025-07-26 12:12:45,976 - db_helper - INFO - fetch_expense_summary called with start: 2024-08-01 end: 2024-08-30
2025-07-26 12:15:28,549 - db_helper - INFO - fetch_expense_summary called with start: 2024-08-01 end: 2024-08-30
2025-07-26 12:16:01,374 - db_helper - INFO - fetch_expense_summary called with start: 2024-08-01 end: 2024-08-30
2025-07-26 12:16:59,106 - db_helper - INFO - fetch_expense_summary called with start: 2024-08-01 end: 2024-08-30
2025-07-26 12:19:10,999 - db_helper - INFO - fetch_expenses_for_date called with 2024-08-01
2025-07-26 12:20:40,641 - db_helper - INFO - fetch_expenses_for_date called with 2024-08-01
2025-07-26 12:28:53,306 - db_helper - INFO - fetch_expenses_for_date called with 2024-08-01
2025-07-26 12:29:01,185 - db_helper - INFO - fetch_expenses_for_date called with 2024-08-01
2025-07-26 12:29:02,796 - db_helper - INFO - fetch_expenses_for_date called with 2024-08-01
2025-07-26 12:29:30,539 - db_helper - INFO - fetch_expenses_for_date called with 2024-08-01
2025-07-26 12:29:34,835 - db_helper - INFO - fetch_expenses_for_date called with 2024-08-01
2025-07-26 12:29:39,078 - db_helper - INFO - fetch_expenses_for_date called with 2024-08-01
2025-07-26 12:31:49,761 - db_helper - INFO - fetch_expenses_for_date called with 2024-08-01
2025-07-26 12:33:12,902 - db_helper - INFO - fetch_expenses_for_date called with 2024-08-01
2025-07-26 12:33:51,589 - db_helper - INFO - fetch_expenses_for_date called with 2024-08-01
2025-07-26 12:37:13,657 - db_helper - INFO - fetch_expenses_for_date called with 2024-08-01
2025-07-26 12:37:31,574 - db_helper - INFO - fetch_expenses_for_date called with 2024-08-01
2025-07-26 12:37:37,805 - db_helper - INFO - fetch_expenses_for_date called with 2024-08-01
2025-07-26 12:37:39,888 - db_helper - INFO - fetch_expense_summary called with start: 2024-08-01 end: 2024-08-05
2025-07-26 12:37:54,690 - db_helper - INFO - fetch_expenses_for_date called with 2024-08-01
2025-07-26 12:38:07,810 - db_helper - INFO - fetch_expenses_for_date called with 2024-08-01
2025-07-26 12:38:09,801 - db_helper - INFO - fetch_expenses_for_date called with 2024-08-01
2025-07-26 12:38:13,148 - db_helper - INFO - fetch_expenses_for_date called with 2024-08-01
2025-07-26 12:38:15,267 - db_helper - INFO - fetch_expense_summary called with start: 2024-08-01 end: 2024-08-30
2025-07-26 12:39:20,372 - db_helper - INFO - fetch_expenses_for_date called with 2024-08-01
2025-07-26 12:39:24,800 - db_helper - INFO - fetch_expenses_for_date called with 2024-08-01
2025-07-26 12:39:26,905 - db_helper - INFO - fetch_expense_summary called with start: 2024-08-01 end: 2024-08-30
2025-07-26 12:40:05,528 - db_helper - INFO - fetch_expenses_for_date called with 2024-08-01
2025-07-26 12:40:08,723 - db_helper - INFO - fetch_expenses_for_date called with 2024-08-01
2025-07-26 12:40:10,815 - db_helper - INFO - fetch_expense_summary called with start: 2024-08-01 end: 2024-08-30
2025-07-26 12:42:41,069 - db_helper - INFO - fetch_expenses_for_date called with 2024-08-01
2025-07-26 12:42:45,678 - db_helper - INFO - fetch_expenses_for_date called with 2024-08-01
2025-07-26 12:42:47,778 - db_helper - INFO - fetch_expense_summary called with start: 2024-08-01 end: 2024-08-30
2025-07-26 12:43:20,513 - db_helper - INFO - fetch_expenses_for_date called with 2024-08-01
2025-07-26 12:43:23,400 - db_helper - INFO - fetch_expenses_for_date called with 2024-08-01
2025-07-26 12:43:25,500 - db_helper - INFO - fetch_expense_summary called with start: 2024-08-01 end: 2024-08-30
2025-07-26 12:43:40,828 - db_helper - INFO - fetch_expenses_for_date called with 2024-08-01
2025-07-26 12:43:43,878 - db_helper - INFO - fetch_expenses_for_date called with 2024-08-01
2025-07-26 12:43:45,967 - db_helper - INFO - fetch_expense_summary called with start: 2024-08-01 end: 2024-08-30
2025-07-26 12:46:30,558 - db_helper - INFO - fetch_expenses_for_date called with 2024-08-01
2025-07-26 12:46:34,617 - db_helper - INFO - fetch_expenses_for_date called with 2024-08-01
2025-07-26 12:46:36,714 - db_helper - INFO - fetch_expense_summary called with start: 2024-08-01 end: 2024-08-30
2025-07-26 12:47:00,176 - db_helper - INFO - fetch_expenses_for_date called with 2024-08-01
2025-07-26 12:47:03,541 - db_helper - INFO - fetch_expenses_for_date called with 2024-08-01
2025-07-26 12:47:05,650 - db_helper - INFO - fetch_expense_summary called with start: 2024-08-01 end: 2024-08-30
2025-07-26 12:48:01,860 - db_helper - INFO - fetch_expenses_for_date called with 2024-08-01
2025-07-26 12:48:04,719 - db_helper - INFO - fetch_expenses_for_date called with 2024-08-01
2025-07-26 12:48:06,821 - db_helper - INFO - fetch_expense_summary called with start: 2024-08-01 end: 2024-08-30
2025-07-26 12:49:17,126 - db_helper - INFO - fetch_expenses_for_date called with 2024-08-01
2025-07-26 12:49:19,685 - db_helper - INFO - fetch_expenses_for_date called with 2024-08-01
2025-07-26 12:49:21,806 - db_helper - INFO - fetch_expense_summary called with start: 2024-08-01 end: 2024-08-30
2025-07-26 12:50:05,781 - db_helper - INFO - fetch_expenses_for_date called with 2024-08-01
2025-07-26 12:50:08,830 - db_helper - INFO - fetch_expenses_for_date called with 2024-08-01
2025-07-26 12:50:10,925 - db_helper - INFO - fetch_expense_summary called with start: 2024-08-01 end: 2024-08-30
2025-07-26 12:51:16,651 - db_helper - INFO - fetch_expenses_for_date called with 2024-08-01
2025-07-26 12:51:21,799 - db_helper - INFO - fetch_expenses_for_date called with 2024-08-01
2025-07-26 12:51:23,900 - db_helper - INFO - fetch_expense_summary called with start: 2024-08-01 end: 2024-08-30
2025-07-26 12:52:33,931 - db_helper - INFO - fetch_expenses_for_date called with 2024-08-01
2025-07-26 12:52:40,075 - db_helper - INFO - fetch_expenses_for_date called with 2024-08-01
2025-07-26 12:52:42,176 - db_helper - INFO - fetch_expense_summary called with start: 2024-08-01 end: 2024-08-30
2025-07-26 12:53:12,463 - db_helper - INFO - fetch_expenses_for_date called with 2024-08-01
2025-07-26 12:53:15,559 - db_helper - INFO - fetch_expenses_for_date called with 2024-08-01
2025-07-26 12:53:17,652 - db_helper - INFO - fetch_expense_summary called with start: 2024-08-01 end: 2024-08-30
2025-07-26 12:55:23,523 - db_helper - INFO - fetch_expenses_for_date called with 2024-08-01
2025-07-26 12:55:26,179 - db_helper - INFO - fetch_expenses_for_date called with 2024-08-01
2025-07-26 12:55:28,270 - db_helper - INFO - fetch_expense_summary called with start: 2024-08-01 end: 2024-08-30
2025-07-26 12:58:53,864 - db_helper - INFO - fetch_expenses_for_date called with 2024-08-01
2025-07-26 12:58:57,497 - db_helper - INFO - fetch_expenses_for_date called with 2024-08-01
2025-07-26 12:58:59,601 - db_helper - INFO - fetch_expense_summary called with start: 2024-08-01 end: 2024-08-30
2025-07-26 13:00:14,591 - db_helper - INFO - fetch_expenses_for_date called with 2024-08-01
2025-07-26 13:00:17,897 - db_helper - INFO - fetch_expenses_for_date called with 2024-08-01
2025-07-26 13:00:19,983 - db_helper - INFO - fetch_expense_summary called with start: 2024-08-01 end: 2024-08-30
2025-07-26 13:01:00,887 - db_helper - INFO - fetch_expenses_for_date called with 2024-08-01
2025-07-26 13:01:04,169 - db_helper - INFO - fetch_expenses_for_date called with 2024-08-01
2025-07-26 13:01:06,258 - db_helper - INFO - fetch_expense_summary called with start: 2024-08-01 end: 2024-08-30
2025-07-26 13:01:33,964 - db_helper - INFO - fetch_expenses_for_date called with 2024-08-01
2025-07-26 13:01:36,627 - db_helper - INFO - fetch_expenses_for_date called with 2024-08-01
2025-07-26 13:01:38,746 - db_helper - INFO - fetch_expense_summary called with start: 2024-08-01 end: 2024-08-30
2025-07-26 13:05:54,201 - db_helper - INFO - fetch_expenses_for_date called with 2024-08-01
2025-07-26 13:05:57,559 - db_helper - INFO - fetch_expenses_for_date called with 2024-08-01
2025-07-26 13:05:59,654 - db_helper - INFO - fetch_expense_summary called with start: 2024-08-01 end: 2024-08-30
2025-07-26 13:06:33,621 - db_helper - INFO - fetch_expenses_for_date called with 2024-08-01
2025-07-26 13:06:36,589 - db_helper - INFO - fetch_expenses_for_date called with 2024-08-01
2025-07-26 13:06:38,701 - db_helper - INFO - fetch_expense_summary called with start: 2024-08-01 end: 2024-08-30
2025-07-26 13:07:25,771 - db_helper - INFO - fetch_expenses_for_date called with 2024-08-01
2025-07-26 13:07:28,542 - db_helper - INFO - fetch_expenses_for_date called with 2024-08-01
2025-07-26 13:07:30,656 - db_helper - INFO - fetch_expense_summary called with start: 2024-08-01 end: 2024-08-30
2025-07-26 13:08:45,477 - db_helper - INFO - fetch_expenses_for_date called with 2024-08-01
2025-07-26 13:08:48,305 - db_helper - INFO - fetch_expenses_for_date called with 2024-08-01
2025-07-26 13:08:50,402 - db_helper - INFO - fetch_expense_summary called with start: 2024-08-01 end: 2024-08-30
2025-07-26 13:09:50,559 - db_helper - INFO - fetch_expenses_for_date called with 2024-08-01
2025-07-26 13:09:53,237 - db_helper - INFO - fetch_expenses_for_date called with 2024-08-01
2025-07-26 13:09:55,338 - db_helper - INFO - fetch_expense_summary called with start: 2024-08-01 end: 2024-08-30
2025-07-26 13:10:35,625 - db_helper - INFO - fetch_expenses_for_date called with 2024-08-01
2025-07-26 13:10:39,827 - db_helper - INFO - fetch_expenses_for_date called with 2024-08-01
2025-07-26 13:10:41,935 - db_helper - INFO - fetch_expense_summary called with start: 2024-08-01 end: 2024-08-30
2025-07-26 13:11:02,349 - db_helper - INFO - fetch_expenses_for_date called with 2024-08-01
2025-07-26 13:12:31,383 - db_helper - INFO - fetch_expenses_for_date called with 2024-08-01
2025-07-26 13:12:34,010 - db_helper - INFO - fetch_expenses_for_date called with 2024-08-01
2025-07-26 13:12:36,100 - db_helper - INFO - fetch_expense_summary called with start: 2024-08-01 end: 2024-08-30
2025-07-26 13:41:07,380 - db_helper - INFO - fetch_expenses_for_date called with 2024-08-01
2025-07-26 13:42:12,815 - db_helper - INFO - fetch_expenses_for_date called with 2024-08-01
2025-07-26 13:42:14,916 - db_helper - INFO - fetch_expense_summary called with start: 2024-08-01 end: 2024-08-05
2025-07-26 13:54:31,175 - db_helper - INFO - fetch_expenses_for_date called with 2024-08-01
2025-07-26 13:57:25,722 - db_helper - INFO - fetch_expenses_for_date called with 2024-08-01
2025-07-26 13:58:20,140 - db_helper - INFO - fetch_expenses_for_date called with 2024-08-01
2025-07-26 14:00:40,420 - db_helper - INFO - fetch_expense_summary called with start: 2024-08-01 end: 2024-08-30
2025-07-26 14:17:21,726 - db_helper - INFO - fetch_expenses_for_date called with 2024-08-01
2025-07-26 14:24:03,277 - db_helper - INFO - fetch_expenses_for_date called with 2024-08-31
2025-07-26 14:24:10,281 - db_helper - INFO - fetch_expenses_for_date called with 2024-08-01
2025-07-26 15:11:51,174 - db_helper - INFO - fetch_expense_summary by month
2025-07-26 15:13:28,620 - db_helper - INFO - fetch_expense_summary called with start: 2024-08-01 end: 2024-08-30
2025-07-26 15:13:37,684 - db_helper - INFO - fetch_expense_summary called with start: 2024-08-01 end: 2024-08-05
2025-07-26 15:32:52,360 - db_helper - INFO - fetch_expenses_for_date called with 2024-08-01
2025-07-26 15:33:34,978 - db_helper - INFO - fetch_expenses_for_date called with 2024-08-01
2025-07-26 15:33:51,167 - db_helper - INFO - fetch_expenses_for_date called with 2024-08-01
2025-07-26 15:33:53,263 - db_helper - INFO - fetch_expense_summary by month
2025-07-26 15:34:40,020 - db_helper - INFO - fetch_expenses_for_date called with 2024-08-01
2025-07-26 15:34:42,123 - db_helper - INFO - fetch_expense_summary by month
2025-07-26 15:35:28,616 - db_helper - INFO - fetch_expenses_for_date called with 2024-08-01
2025-07-26 15:35:30,733 - db_helper - INFO - fetch_expense_summary by month
2025-07-26 15:36:25,102 - db_helper - INFO - fetch_expenses_for_date called with 2024-08-01
2025-07-26 15:36:27,176 - db_helper - INFO - fetch_expense_summary by month
2025-07-26 15:36:52,524 - db_helper - INFO - fetch_expense_summary by month
2025-07-26 15:37:12,410 - db_helper - INFO - fetch_expense_summary by month
2025-07-26 15:37:37,820 - db_helper - INFO - fetch_expense_summary called with start: 2024-08-01 end: 2024-08-05
2025-07-26 15:38:40,018 - db_helper - INFO - fetch_expense_summary by month
2025-07-26 15:38:59,814 - db_helper - INFO - fetch_expense_summary by month
2025-07-26 15:39:56,433 - db_helper - INFO - fetch_expense_summary by month
2025-07-26 15:40:08,610 - db_helper - INFO - fetch_expenses_for_date called with 2024-08-01
2025-07-26 15:40:10,701 - db_helper - INFO - fetch_expense_summary by month
2025-07-26 15:41:09,870 - db_helper - INFO - fetch_expenses_for_date called with 2024-08-01
2025-07-26 15:41:11,979 - db_helper - INFO - fetch_expense_summary by month
2025-07-26 15:41:19,816 - db_helper - INFO - fetch_expenses_for_date called with 2024-08-01
2025-07-26 15:41:21,927 - db_helper - INFO - fetch_expense_summary by month
2025-07-26 15:42:13,713 - db_helper - INFO - fetch_expense_summary by month
2025-07-26 15:42:19,452 - db_helper - INFO - fetch_expenses_for_date called with 2024-08-01
2025-07-26 15:42:21,550 - db_helper - INFO - fetch_expense_summary by month
2025-07-26 15:44:10,286 - db_helper - INFO - fetch_expenses_for_date called with 2024-08-01
2025-07-26 15:44:12,371 - db_helper - INFO - fetch_expense_summary by month
2025-07-26 15:44:37,400 - db_helper - INFO - fetch_expenses_for_date called with 2024-08-01
2025-07-26 15:44:39,494 - db_helper - INFO - fetch_expense_summary by month
2025-07-26 15:47:19,098 - db_helper - INFO - fetch_expenses_for_date called with 2024-08-01
2025-07-26 15:47:21,192 - db_helper - INFO - fetch_expense_summary by month
2025-07-26 15:48:55,393 - db_helper - INFO - fetch_expenses_for_date called with 2024-08-01
2025-07-26 15:48:57,507 - db_helper - INFO - fetch_expense_summary by month
2025-07-26 15:49:29,725 - db_helper - INFO - fetch_expenses_for_date called with 2024-08-01
2025-07-26 15:49:31,795 - db_helper - INFO - fetch_expense_summary by month
2025-07-26 15:49:46,420 - db_helper - INFO - fetch_expenses_for_date called with 2024-08-01
2025-07-26 15:49:48,513 - db_helper - INFO - fetch_expense_summary by month
2025-07-26 15:50:00,611 - db_helper - INFO - fetch_expenses_for_date called with 2024-08-01
2025-07-26 15:50:02,688 - db_helper - INFO - fetch_expense_summary by month
2025-07-26 15:51:26,505 - db_helper - INFO - fetch_expenses_for_date called with 2024-08-01
2025-07-26 15:51:28,591 - db_helper - INFO - fetch_expense_summary by month
2025-07-26 15:51:46,345 - db_helper - INFO - fetch_expenses_for_date called with 2024-08-01
2025-07-26 15:57:08,829 - db_helper - INFO - fetch_expenses_for_date called with 2024-08-01
2025-07-26 15:57:10,939 - db_helper - INFO - fetch_expense_summary by month
2025-07-26 15:57:15,649 - db_helper - INFO - fetch_expenses_for_date called with 2024-08-01
2025-07-26 16:00:27,847 - db_helper - INFO - fetch_expenses_for_date called with 2024-08-01
2025-07-26 16:00:29,978 - db_helper - INFO - fetch_expense_summary by month
2025-07-26 16:00:33,352 - db_helper - INFO - fetch_expenses_for_date called with 2024-08-01
2025-07-26 16:00:37,506 - db_helper - INFO - fetch_expense_summary by month
2025-07-26 16:01:26,419 - db_helper - INFO - fetch_expenses_for_date called with 2024-08-01
2025-07-26 16:01:28,478 - db_helper - INFO - fetch_expense_summary by month
2025-07-26 16:01:29,085 - db_helper - INFO - fetch_expenses_for_date called with 2024-08-01
2025-07-26 16:01:31,178 - db_helper - INFO - fetch_expense_summary called with start: 2024-08-01 end: 2024-08-05
2025-07-26 16:01:33,229 - db_helper - INFO - fetch_expense_summary by month
2025-07-26 16:01:44,598 - db_helper - INFO - fetch_expenses_for_date called with 2024-08-01
2025-07-26 16:01:46,711 - db_helper - INFO - fetch_expense_summary by month
2025-07-26 16:01:50,061 - db_helper - INFO - fetch_expenses_for_date called with 2024-08-01
2025-07-26 16:01:52,157 - db_helper - INFO - fetch_expense_summary called with start: 2024-08-01 end: 2024-08-05
2025-07-26 16:01:54,244 - db_helper - INFO - fetch_expense_summary by month
2025-07-26 16:02:02,384 - db_helper - INFO - fetch_expenses_for_date called with 2024-08-01
2025-07-26 16:02:04,487 - db_helper - INFO - fetch_expense_summary by month
2025-07-26 16:02:29,451 - db_helper - INFO - fetch_expenses_for_date called with 2024-08-01
2025-07-26 16:02:31,540 - db_helper - INFO - delete_expenses_for_date called with 2024-08-01
2025-07-26 16:02:31,559 - db_helper - INFO - insert_expenses called with date: 2024-08-01, amount: 1227.0, category: Rent, notes: Monthly rent payment
2025-07-26 16:02:31,574 - db_helper - INFO - insert_expenses called with date: 2024-08-01, amount: 300.0, category: Food, notes: Groceries for the week
2025-07-26 16:02:31,591 - db_helper - INFO - insert_expenses called with date: 2024-08-01, amount: 1200.0, category: Rent, notes: Monthly rent payment
2025-07-26 16:02:31,605 - db_helper - INFO - insert_expenses called with date: 2024-08-01, amount: 300.0, category: Food, notes: Groceries for the week
2025-07-26 16:02:31,620 - db_helper - INFO - insert_expenses called with date: 2024-08-01, amount: 1000.0, category: Food, notes: Eat out
2025-07-26 16:02:33,694 - db_helper - INFO - fetch_expense_summary by month
2025-07-26 16:02:38,771 - db_helper - INFO - fetch_expenses_for_date called with 2024-08-01
2025-07-26 16:02:40,864 - db_helper - INFO - fetch_expense_summary called with start: 2024-08-01 end: 2024-08-05
2025-07-26 16:02:42,968 - db_helper - INFO - fetch_expense_summary by month
2025-07-26 16:03:11,853 - db_helper - INFO - fetch_expenses_for_date called with 2024-08-01
2025-07-26 16:03:13,951 - db_helper - INFO - delete_expenses_for_date called with 2024-08-01
2025-07-26 16:03:13,983 - db_helper - INFO - insert_expenses called with date: 2024-08-01, amount: 1227.0, category: Rent, notes: Monthly rent payment
2025-07-26 16:03:13,998 - db_helper - INFO - insert_expenses called with date: 2024-08-01, amount: 300.0, category: Food, notes: Groceries for the week
2025-07-26 16:03:14,015 - db_helper - INFO - insert_expenses called with date: 2024-08-01, amount: 1200.0, category: Rent, notes: Monthly rent payment
2025-07-26 16:03:14,030 - db_helper - INFO - insert_expenses called with date: 2024-08-01, amount: 300.0, category: Food, notes: Groceries for the week
2025-07-26 16:03:14,045 - db_helper - INFO - insert_expenses called with date: 2024-08-01, amount: 1000.0, category: Food, notes: 
2025-07-26 16:03:16,128 - db_helper - INFO - fetch_expense_summary by month
2025-07-26 16:03:20,587 - db_helper - INFO - fetch_expenses_for_date called with 2024-08-01
2025-07-26 16:03:22,686 - db_helper - INFO - delete_expenses_for_date called with 2024-08-01
2025-07-26 16:03:22,730 - db_helper - INFO - insert_expenses called with date: 2024-08-01, amount: 1227.0, category: Rent, notes: Monthly rent payment
2025-07-26 16:03:22,744 - db_helper - INFO - insert_expenses called with date: 2024-08-01, amount: 300.0, category: Food, notes: Groceries for the week
2025-07-26 16:03:22,759 - db_helper - INFO - insert_expenses called with date: 2024-08-01, amount: 1200.0, category: Rent, notes: Monthly rent payment
2025-07-26 16:03:22,775 - db_helper - INFO - insert_expenses called with date: 2024-08-01, amount: 300.0, category: Food, notes: Groceries for the week
2025-07-26 16:03:24,866 - db_helper - INFO - fetch_expense_summary by month
2025-07-26 16:03:28,196 - db_helper - INFO - fetch_expenses_for_date called with 2024-08-01
2025-07-26 16:03:30,299 - db_helper - INFO - fetch_expense_summary called with start: 2024-08-01 end: 2024-08-05
2025-07-26 16:03:32,391 - db_helper - INFO - fetch_expense_summary by month
2025-07-26 16:03:49,033 - db_helper - INFO - fetch_expenses_for_date called with 2024-09-20
2025-07-26 16:03:51,109 - db_helper - INFO - fetch_expense_summary by month
2025-07-26 16:04:10,285 - db_helper - INFO - fetch_expenses_for_date called with 2024-09-20
2025-07-26 16:04:12,374 - db_helper - INFO - delete_expenses_for_date called with 2024-09-20
2025-07-26 16:04:12,395 - db_helper - INFO - insert_expenses called with date: 2024-09-20, amount: 20000.0, category: Shopping, notes: Birthday
2025-07-26 16:04:14,481 - db_helper - INFO - fetch_expense_summary by month
2025-07-26 16:04:16,653 - db_helper - INFO - fetch_expenses_for_date called with 2024-09-20
2025-07-26 16:04:18,729 - db_helper - INFO - fetch_expense_summary called with start: 2024-08-01 end: 2024-08-05
2025-07-26 16:04:20,826 - db_helper - INFO - fetch_expense_summary by month
2025-07-26 16:04:42,197 - db_helper - INFO - fetch_expenses_for_date called with 2024-09-20
2025-07-26 16:04:43,209 - db_helper - INFO - fetch_expenses_for_date called with 2024-09-20
2025-07-26 16:04:45,284 - db_helper - INFO - fetch_expense_summary called with start: 2024-08-01 end: 2024-10-03
2025-07-26 16:04:47,368 - db_helper - INFO - fetch_expense_summary by month
2025-07-26 16:09:20,595 - db_helper - INFO - fetch_expense_summary by month
2025-07-26 16:19:00,748 - db_helper - INFO - fetch_expense_summary by month
2025-07-26 16:19:07,328 - db_helper - INFO - fetch_expense_summary called with start: 2025-07-26 end: 2025-07-26
2025-07-26 16:19:36,308 - db_helper - INFO - fetch_expense_summary called with start: 2024-08-01 end: 2024-08-05
2025-07-26 16:19:55,455 - db_helper - INFO - fetch_expenses_for_date called with 2024-08-01
2025-07-26 16:19:57,552 - db_helper - INFO - fetch_expense_summary by month
2025-07-26 16:20:03,760 - db_helper - INFO - fetch_expenses_for_date called with 2024-10-27
2025-07-26 16:20:05,848 - db_helper - INFO - fetch_expense_summary by month
2025-07-26 16:20:21,119 - db_helper - INFO - fetch_expenses_for_date called with 2024-10-27
2025-07-26 16:20:23,206 - db_helper - INFO - delete_expenses_for_date called with 2024-10-27
2025-07-26 16:20:23,217 - db_helper - INFO - insert_expenses called with date: 2024-10-27, amount: 5000.0, category: Shopping, notes: my birthday
2025-07-26 16:20:25,285 - db_helper - INFO - fetch_expense_summary by month
2025-07-26 16:20:31,654 - db_helper - INFO - fetch_expenses_for_date called with 2024-10-27
2025-07-26 16:20:32,396 - db_helper - INFO - fetch_expenses_for_date called with 2024-10-27
2025-07-26 16:20:34,468 - db_helper - INFO - fetch_expense_summary called with start: 2024-08-01 end: 2024-10-28
2025-07-26 16:20:36,568 - db_helper - INFO - fetch_expense_summary by month
2025-07-26 16:23:21,206 - db_helper - INFO - fetch_expenses_for_date called with 2024-10-27
2025-07-26 16:23:23,274 - db_helper - INFO - fetch_expense_summary by month
2025-07-26 16:24:05,233 - db_helper - INFO - fetch_expenses_for_date called with 2024-10-27
2025-07-26 16:24:07,308 - db_helper - INFO - fetch_expense_summary by month
2025-07-26 16:24:30,041 - db_helper - INFO - fetch_expenses_for_date called with 2024-10-27
2025-07-26 16:24:32,140 - db_helper - INFO - fetch_expense_summary by month
2025-07-26 16:24:47,720 - db_helper - INFO - fetch_expenses_for_date called with 2024-10-27
2025-07-26 16:24:49,794 - db_helper - INFO - fetch_expense_summary by month
2025-07-26 16:25:37,977 - db_helper - INFO - fetch_expenses_for_date called with 2024-10-27
2025-07-26 16:25:40,070 - db_helper - INFO - fetch_expense_summary by month
2025-07-26 16:26:08,740 - db_helper - INFO - fetch_expenses_for_date called with 2024-10-27
2025-07-26 16:26:10,821 - db_helper - INFO - fetch_expense_summary by month
2025-07-26 16:26:22,909 - db_helper - INFO - fetch_expenses_for_date called with 2024-10-27
2025-07-26 16:26:25,017 - db_helper - INFO - fetch_expense_summary by month
2025-07-28 13:28:16,015 - db_helper - INFO - fetch_expenses_for_date called with 2024-08-01
2025-07-28 13:28:18,133 - db_helper - INFO - fetch_expense_summary by month
2025-07-28 13:29:12,663 - db_helper - INFO - fetch_expenses_for_date called with 2024-08-01
2025-07-28 13:29:14,754 - db_helper - INFO - fetch_expense_summary called with start: 2024-08-01 end: 2024-10-28
2025-07-28 13:29:16,851 - db_helper - INFO - fetch_expense_summary by month
